C:\Program Files (x86)\Microsoft Visual Studio\2017\Professional\Common7\IDE\VC\VCTargets\Microsoft.CppBuild.targets(391,5): warning MSB8028: промежуточный каталог (Release\) содержит файлы, которые используются совместно с другим проектом (oop_kr.vcxproj).  Это может привести к ошибкам очистки и перестроения.
  main.cpp
c:\users\tekil\source\repos\oop_kr\oop_kr\header.h(50): warning C4244: =: преобразование "const T" в "int", возможна потеря данных
          with
          [
              T=float
          ]
c:\users\tekil\source\repos\oop_kr\oop_kr\header.h(51): warning C4244: =: преобразование "const T" в "int", возможна потеря данных
          with
          [
              T=float
          ]
c:\users\tekil\source\repos\oop_kr\oop_kr\header.h(57): warning C4244: аргумент: преобразование "double" в "float", возможна потеря данных
c:\users\tekil\source\repos\oop_kr\oop_kr\header.h(58): warning C4244: аргумент: преобразование "double" в "float", возможна потеря данных
c:\users\tekil\source\repos\oop_kr\oop_kr\header.h(59): warning C4244: аргумент: преобразование "double" в "float", возможна потеря данных
c:\users\tekil\source\repos\oop_kr\oop_kr\header.h(66): warning C4244: аргумент: преобразование "double" в "float", возможна потеря данных
c:\users\tekil\source\repos\oop_kr\oop_kr\header.h(67): warning C4244: аргумент: преобразование "double" в "float", возможна потеря данных
c:\users\tekil\source\repos\oop_kr\oop_kr\header.h(68): warning C4244: аргумент: преобразование "double" в "float", возможна потеря данных
c:\users\tekil\source\repos\oop_kr\oop_kr\header.h(76): warning C4244: аргумент: преобразование "double" в "float", возможна потеря данных
c:\users\tekil\source\repos\oop_kr\oop_kr\header.h(77): warning C4244: аргумент: преобразование "double" в "float", возможна потеря данных
c:\users\tekil\source\repos\oop_kr\oop_kr\header.h(78): warning C4244: аргумент: преобразование "double" в "float", возможна потеря данных
c:\users\tekil\source\repos\oop_kr\oop_kr\header.h(85): warning C4244: аргумент: преобразование "double" в "float", возможна потеря данных
c:\users\tekil\source\repos\oop_kr\oop_kr\header.h(86): warning C4244: аргумент: преобразование "double" в "float", возможна потеря данных
c:\users\tekil\source\repos\oop_kr\oop_kr\header.h(87): warning C4244: аргумент: преобразование "double" в "float", возможна потеря данных
c:\users\tekil\source\repos\oop_kr\oop_kr\header.h(91): warning C4244: +=: преобразование "double" в "float", возможна потеря данных
c:\users\tekil\source\repos\oop_kr\oop_kr\header.h(109): warning C4244: аргумент: преобразование "int" в "float", возможна потеря данных
c:\users\tekil\source\repos\oop_kr\oop_kr\header.h(113): warning C4244: аргумент: преобразование "int" в "float", возможна потеря данных
c:\users\tekil\source\repos\oop_kr\oop_kr\header.h(116): warning C4244: аргумент: преобразование "int" в "float", возможна потеря данных
c:\users\tekil\source\repos\oop_kr\oop_kr\header.h(173): warning C4244: аргумент: преобразование "int" в "float", возможна потеря данных
c:\users\tekil\source\repos\oop_kr\oop_kr\header.h(177): warning C4244: =: преобразование "const T" в "int", возможна потеря данных
          with
          [
              T=float
          ]
c:\users\tekil\source\repos\oop_kr\oop_kr\header.h(178): warning C4244: =: преобразование "const T" в "int", возможна потеря данных
          with
          [
              T=float
          ]
c:\users\tekil\source\repos\oop_kr\oop_kr\header.h(182): warning C4244: аргумент: преобразование "int" в "float", возможна потеря данных
c:\users\tekil\source\repos\oop_kr\oop_kr\header.h(200): warning C4244: +=: преобразование "double" в "float", возможна потеря данных
c:\users\tekil\source\repos\oop_kr\oop_kr\header.h(263): warning C4244: инициализация: преобразование "sf::Int64" в "float", возможна потеря данных
c:\users\tekil\source\repos\oop_kr\oop_kr\header.h(269): warning C4305: аргумент: усечение из "double" в "float"
c:\users\tekil\source\repos\oop_kr\oop_kr\header.h(292): warning C4244: аргумент: преобразование "int" в "float", возможна потеря данных
c:\users\tekil\source\repos\oop_kr\oop_kr\header.h(340): warning C4244: инициализация: преобразование "sf::Int64" в "float", возможна потеря данных
c:\users\tekil\source\repos\oop_kr\oop_kr\header.h(352): warning C4305: аргумент: усечение из "double" в "float"
c:\users\tekil\source\repos\oop_kr\oop_kr\header.h(414): warning C4244: инициализация: преобразование "sf::Int64" в "float", возможна потеря данных
c:\users\tekil\source\repos\oop_kr\oop_kr\header.h(420): warning C4305: аргумент: усечение из "double" в "float"
  Создание кода
  8 of 137 functions ( 5.8%) were compiled, the rest were copied from previous compilation.
    0 functions were new in current compilation
    1 functions had inline decision re-evaluated but remain unchanged
  Создание кода завершено
  oop_kr.vcxproj -> C:\Users\tekil\source\repos\oop_kr\Release\SpaceOOP2019.exe
